# JRE version: Java(TM) SE Runtime Environment (8.0_251-b08) (build 1.8.0_251-b08)
# Java VM: Java HotSpot(TM) 64-Bit Server VM (25.251-b08 mixed mode windows-amd64 compressed oops)
Heap:
 PSYoungGen      total 283136K, used 269218K [0x0000000780000000, 0x0000000793c00000, 0x00000007c0000000)
  eden space 255488K, 94% used [0x0000000780000000,0x000000078ebec7b0,0x000000078f980000)
  from space 27648K, 99% used [0x0000000791900000,0x00000007933fc218,0x0000000793400000)
  to   space 32256K, 99% used [0x000000078f980000,0x00000007918f8500,0x0000000791900000)
 ParOldGen       total 164864K, used 62967K [0x0000000700000000, 0x000000070a100000, 0x0000000780000000)
  object space 164864K, 38% used [0x0000000700000000,0x0000000703d7de90,0x000000070a100000)
 Metaspace       used 56927K, capacity 57948K, committed 58112K, reserved 1099776K
  class space    used 7862K, capacity 8134K, committed 8192K, reserved 1048576K
GC Heap History (10 events):
Event: 4.480 GC heap after
Heap after GC invocations=8 (full 2):
 PSYoungGen      total 163328K, used 0K [0x0000000780000000, 0x000000078dc80000, 0x00000007c0000000)
  eden space 147968K, 0% used [0x0000000780000000,0x0000000780000000,0x0000000789080000)
  from space 15360K, 0% used [0x0000000789e80000,0x0000000789e80000,0x000000078ad80000)
  to   space 14336K, 0% used [0x0000000789080000,0x0000000789080000,0x0000000789e80000)
 ParOldGen       total 164864K, used 15384K [0x0000000700000000, 0x000000070a100000, 0x0000000780000000)
  object space 164864K, 9% used [0x0000000700000000,0x0000000700f063b0,0x000000070a100000)
 Metaspace       used 34916K, capacity 35390K, committed 35496K, reserved 1079296K
  class space    used 4876K, capacity 5063K, committed 5120K, reserved 1048576K
}
Event: 6.223 GC heap before
{Heap before GC invocations=9 (full 2):
 PSYoungGen      total 163328K, used 147968K [0x0000000780000000, 0x000000078dc80000, 0x00000007c0000000)
  eden space 147968K, 100% used [0x0000000780000000,0x0000000789080000,0x0000000789080000)
  from space 15360K, 0% used [0x0000000789e80000,0x0000000789e80000,0x000000078ad80000)
  to   space 14336K, 0% used [0x0000000789080000,0x0000000789080000,0x0000000789e80000)
 ParOldGen       total 164864K, used 15384K [0x0000000700000000, 0x000000070a100000, 0x0000000780000000)
  object space 164864K, 9% used [0x0000000700000000,0x0000000700f063b0,0x000000070a100000)
 Metaspace       used 43352K, capacity 43962K, committed 44288K, reserved 1087488K
  class space    used 6088K, capacity 6288K, committed 6400K, reserved 1048576K
Event: 6.236 GC heap after
Heap after GC invocations=9 (full 2):
 PSYoungGen      total 162304K, used 11436K [0x0000000780000000, 0x000000078f080000, 0x00000007c0000000)
  eden space 147968K, 0% used [0x0000000780000000,0x0000000780000000,0x0000000789080000)
  from space 14336K, 79% used [0x0000000789080000,0x0000000789bab040,0x0000000789e80000)
  to   space 14848K, 0% used [0x000000078e200000,0x000000078e200000,0x000000078f080000)
 ParOldGen       total 164864K, used 15456K [0x0000000700000000, 0x000000070a100000, 0x0000000780000000)
  object space 164864K, 9% used [0x0000000700000000,0x0000000700f183c0,0x000000070a100000)
 Metaspace       used 43352K, capacity 43962K, committed 44288K, reserved 1087488K
  class space    used 6088K, capacity 6288K, committed 6400K, reserved 1048576K
}
Event: 8.625 GC heap before
{Heap before GC invocations=10 (full 2):
 PSYoungGen      total 162304K, used 154040K [0x0000000780000000, 0x000000078f080000, 0x00000007c0000000)
  eden space 147968K, 96% used [0x0000000780000000,0x0000000788b433a8,0x0000000789080000)
  from space 14336K, 79% used [0x0000000789080000,0x0000000789bab040,0x0000000789e80000)
  to   space 14848K, 0% used [0x000000078e200000,0x000000078e200000,0x000000078f080000)
 ParOldGen       total 164864K, used 15456K [0x0000000700000000, 0x000000070a100000, 0x0000000780000000)
  object space 164864K, 9% used [0x0000000700000000,0x0000000700f183c0,0x000000070a100000)
 Metaspace       used 46097K, capacity 46918K, committed 47232K, reserved 1089536K
  class space    used 6454K, capacity 6686K, committed 6784K, reserved 1048576K
Event: 8.642 GC heap after
Heap after GC invocations=10 (full 2):
 PSYoungGen      total 220160K, used 14823K [0x0000000780000000, 0x0000000790200000, 0x00000007c0000000)
  eden space 205312K, 0% used [0x0000000780000000,0x0000000780000000,0x000000078c880000)
  from space 14848K, 99% used [0x000000078e200000,0x000000078f079e00,0x000000078f080000)
  to   space 26112K, 0% used [0x000000078c880000,0x000000078c880000,0x000000078e200000)
 ParOldGen       total 164864K, used 37206K [0x0000000700000000, 0x000000070a100000, 0x0000000780000000)
  object space 164864K, 22% used [0x0000000700000000,0x0000000702455930,0x000000070a100000)
 Metaspace       used 46097K, capacity 46918K, committed 47232K, reserved 1089536K
  class space    used 6454K, capacity 6686K, committed 6784K, reserved 1048576K
}
Event: 9.573 GC heap before
{Heap before GC invocations=11 (full 2):
 PSYoungGen      total 220160K, used 218732K [0x0000000780000000, 0x0000000790200000, 0x00000007c0000000)
  eden space 205312K, 99% used [0x0000000780000000,0x000000078c7214e0,0x000000078c880000)
  from space 14848K, 99% used [0x000000078e200000,0x000000078f079e00,0x000000078f080000)
  to   space 26112K, 0% used [0x000000078c880000,0x000000078c880000,0x000000078e200000)
 ParOldGen       total 164864K, used 37206K [0x0000000700000000, 0x000000070a100000, 0x0000000780000000)
  object space 164864K, 22% used [0x0000000700000000,0x0000000702455930,0x000000070a100000)
 Metaspace       used 49225K, capacity 50224K, committed 50304K, reserved 1091584K
  class space    used 6976K, capacity 7247K, committed 7296K, reserved 1048576K
Event: 9.587 GC heap after
Heap after GC invocations=11 (full 2):
 PSYoungGen      total 231424K, used 20696K [0x0000000780000000, 0x0000000793400000, 0x00000007c0000000)
  eden space 205312K, 0% used [0x0000000780000000,0x0000000780000000,0x000000078c880000)
  from space 26112K, 79% used [0x000000078c880000,0x000000078dcb6200,0x000000078e200000)
  to   space 27648K, 0% used [0x0000000791900000,0x0000000791900000,0x0000000793400000)
 ParOldGen       total 164864K, used 37214K [0x0000000700000000, 0x000000070a100000, 0x0000000780000000)
  object space 164864K, 22% used [0x0000000700000000,0x0000000702457930,0x000000070a100000)
 Metaspace       used 49225K, capacity 50224K, committed 50304K, reserved 1091584K
  class space    used 6976K, capacity 7247K, committed 7296K, reserved 1048576K
}
Event: 11.739 GC heap before
{Heap before GC invocations=12 (full 2):
 PSYoungGen      total 231424K, used 226008K [0x0000000780000000, 0x0000000793400000, 0x00000007c0000000)
  eden space 205312K, 100% used [0x0000000780000000,0x000000078c880000,0x000000078c880000)
  from space 26112K, 79% used [0x000000078c880000,0x000000078dcb6200,0x000000078e200000)
  to   space 27648K, 0% used [0x0000000791900000,0x0000000791900000,0x0000000793400000)
 ParOldGen       total 164864K, used 37214K [0x0000000700000000, 0x000000070a100000, 0x0000000780000000)
  object space 164864K, 22% used [0x0000000700000000,0x0000000702457930,0x000000070a100000)
 Metaspace       used 50058K, capacity 51146K, committed 51456K, reserved 1093632K
  class space    used 7088K, capacity 7380K, committed 7424K, reserved 1048576K
Event: 11.762 GC heap after
Heap after GC invocations=12 (full 2):
 PSYoungGen      total 283136K, used 27632K [0x0000000780000000, 0x0000000793c00000, 0x00000007c0000000)
  eden space 255488K, 0% used [0x0000000780000000,0x0000000780000000,0x000000078f980000)
  from space 27648K, 99% used [0x0000000791900000,0x00000007933fc218,0x0000000793400000)
  to   space 32256K, 0% used [0x000000078f980000,0x000000078f980000,0x0000000791900000)
 ParOldGen       total 164864K, used 39391K [0x0000000700000000, 0x000000070a100000, 0x0000000780000000)
  object space 164864K, 23% used [0x0000000700000000,0x0000000702677c58,0x000000070a100000)
 Metaspace       used 50058K, capacity 51146K, committed 51456K, reserved 1093632K
  class space    used 7088K, capacity 7380K, committed 7424K, reserved 1048576K
}
Event: 14.774 GC heap before
{Heap before GC invocations=13 (full 2):
 PSYoungGen      total 283136K, used 269218K [0x0000000780000000, 0x0000000793c00000, 0x00000007c0000000)
  eden space 255488K, 94% used [0x0000000780000000,0x000000078ebec7b0,0x000000078f980000)
  from space 27648K, 99% used [0x0000000791900000,0x00000007933fc218,0x0000000793400000)
  to   space 32256K, 0% used [0x000000078f980000,0x000000078f980000,0x0000000791900000)
 ParOldGen       total 164864K, used 39391K [0x0000000700000000, 0x000000070a100000, 0x0000000780000000)
  object space 164864K, 23% used [0x0000000700000000,0x0000000702677c58,0x000000070a100000)
 Metaspace       used 56927K, capacity 57948K, committed 58112K, reserved 1099776K
  class space    used 7862K, capacity 8134K, committed 8192K, reserved 1048576K

