# JRE version: Java(TM) SE Runtime Environment (8.0_251-b08) (build 1.8.0_251-b08)
# Java VM: Java HotSpot(TM) 64-Bit Server VM (25.251-b08 mixed mode windows-amd64 compressed oops)
Heap:
 PSYoungGen      total 224768K, used 217276K [0x0000000780000000, 0x0000000791a80000, 0x00000007c0000000)
  eden space 201216K, 99% used [0x0000000780000000,0x000000078c3d6880,0x000000078c480000)
  from space 23552K, 71% used [0x000000078c480000,0x000000078d4d8780,0x000000078db80000)
  to   space 23552K, 90% used [0x0000000790380000,0x0000000791866d30,0x0000000791a80000)
 ParOldGen       total 182784K, used 38300K [0x0000000700000000, 0x000000070b280000, 0x0000000780000000)
  object space 182784K, 20% used [0x0000000700000000,0x0000000702567390,0x000000070b280000)
 Metaspace       used 49492K, capacity 50568K, committed 50816K, reserved 1093632K
  class space    used 6914K, capacity 7211K, committed 7296K, reserved 1048576K
GC Heap History (10 events):
Event: 5.344 GC heap after
Heap after GC invocations=9 (full 2):
 PSYoungGen      total 143872K, used 9545K [0x0000000780000000, 0x000000078c600000, 0x00000007c0000000)
  eden space 130560K, 0% used [0x0000000780000000,0x0000000780000000,0x0000000787f80000)
  from space 13312K, 71% used [0x0000000787f80000,0x00000007888d2658,0x0000000788c80000)
  to   space 12800K, 0% used [0x000000078b980000,0x000000078b980000,0x000000078c600000)
 ParOldGen       total 182784K, used 15682K [0x0000000700000000, 0x000000070b280000, 0x0000000780000000)
  object space 182784K, 8% used [0x0000000700000000,0x0000000700f50800,0x000000070b280000)
 Metaspace       used 41364K, capacity 42026K, committed 42112K, reserved 1085440K
  class space    used 5828K, capacity 6007K, committed 6016K, reserved 1048576K
}
Event: 6.118 GC heap before
{Heap before GC invocations=10 (full 2):
 PSYoungGen      total 143872K, used 130883K [0x0000000780000000, 0x000000078c600000, 0x00000007c0000000)
  eden space 130560K, 92% used [0x0000000780000000,0x000000078767e718,0x0000000787f80000)
  from space 13312K, 71% used [0x0000000787f80000,0x00000007888d2658,0x0000000788c80000)
  to   space 12800K, 0% used [0x000000078b980000,0x000000078b980000,0x000000078c600000)
 ParOldGen       total 182784K, used 15682K [0x0000000700000000, 0x000000070b280000, 0x0000000780000000)
  object space 182784K, 8% used [0x0000000700000000,0x0000000700f50800,0x000000070b280000)
 Metaspace       used 44418K, capacity 45200K, committed 45440K, reserved 1087488K
  class space    used 6222K, capacity 6459K, committed 6528K, reserved 1048576K
Event: 6.132 GC heap after
Heap after GC invocations=10 (full 2):
 PSYoungGen      total 178688K, used 12784K [0x0000000780000000, 0x000000078df00000, 0x00000007c0000000)
  eden space 165888K, 0% used [0x0000000780000000,0x0000000780000000,0x000000078a200000)
  from space 12800K, 99% used [0x000000078b980000,0x000000078c5fc0d0,0x000000078c600000)
  to   space 24064K, 0% used [0x000000078a200000,0x000000078a200000,0x000000078b980000)
 ParOldGen       total 182784K, used 38268K [0x0000000700000000, 0x000000070b280000, 0x0000000780000000)
  object space 182784K, 20% used [0x0000000700000000,0x000000070255f390,0x000000070b280000)
 Metaspace       used 44418K, capacity 45200K, committed 45440K, reserved 1087488K
  class space    used 6222K, capacity 6459K, committed 6528K, reserved 1048576K
}
Event: 6.942 GC heap before
{Heap before GC invocations=11 (full 2):
 PSYoungGen      total 178688K, used 178586K [0x0000000780000000, 0x000000078df00000, 0x00000007c0000000)
  eden space 165888K, 99% used [0x0000000780000000,0x000000078a1ea870,0x000000078a200000)
  from space 12800K, 99% used [0x000000078b980000,0x000000078c5fc0d0,0x000000078c600000)
  to   space 24064K, 0% used [0x000000078a200000,0x000000078a200000,0x000000078b980000)
 ParOldGen       total 182784K, used 38268K [0x0000000700000000, 0x000000070b280000, 0x0000000780000000)
  object space 182784K, 20% used [0x0000000700000000,0x000000070255f390,0x000000070b280000)
 Metaspace       used 47572K, capacity 48570K, committed 48768K, reserved 1091584K
  class space    used 6747K, capacity 7020K, committed 7040K, reserved 1048576K
Event: 6.954 GC heap after
Heap after GC invocations=11 (full 2):
 PSYoungGen      total 189952K, used 14054K [0x0000000780000000, 0x000000078f580000, 0x00000007c0000000)
  eden space 165888K, 0% used [0x0000000780000000,0x0000000780000000,0x000000078a200000)
  from space 24064K, 58% used [0x000000078a200000,0x000000078afb9b70,0x000000078b980000)
  to   space 23552K, 0% used [0x000000078de80000,0x000000078de80000,0x000000078f580000)
 ParOldGen       total 182784K, used 38276K [0x0000000700000000, 0x000000070b280000, 0x0000000780000000)
  object space 182784K, 20% used [0x0000000700000000,0x0000000702561390,0x000000070b280000)
 Metaspace       used 47572K, capacity 48570K, committed 48768K, reserved 1091584K
  class space    used 6747K, capacity 7020K, committed 7040K, reserved 1048576K
}
Event: 8.245 GC heap before
{Heap before GC invocations=12 (full 2):
 PSYoungGen      total 189952K, used 179452K [0x0000000780000000, 0x000000078f580000, 0x00000007c0000000)
  eden space 165888K, 99% used [0x0000000780000000,0x000000078a185598,0x000000078a200000)
  from space 24064K, 58% used [0x000000078a200000,0x000000078afb9b70,0x000000078b980000)
  to   space 23552K, 0% used [0x000000078de80000,0x000000078de80000,0x000000078f580000)
 ParOldGen       total 182784K, used 38276K [0x0000000700000000, 0x000000070b280000, 0x0000000780000000)
  object space 182784K, 20% used [0x0000000700000000,0x0000000702561390,0x000000070b280000)
 Metaspace       used 47712K, capacity 48718K, committed 48768K, reserved 1091584K
  class space    used 6757K, capacity 7024K, committed 7040K, reserved 1048576K
Event: 8.253 GC heap after
Heap after GC invocations=12 (full 2):
 PSYoungGen      total 221696K, used 15779K [0x0000000780000000, 0x000000078f280000, 0x00000007c0000000)
  eden space 201216K, 0% used [0x0000000780000000,0x0000000780000000,0x000000078c480000)
  from space 20480K, 77% used [0x000000078de80000,0x000000078ede8c20,0x000000078f280000)
  to   space 23552K, 0% used [0x000000078c480000,0x000000078c480000,0x000000078db80000)
 ParOldGen       total 182784K, used 38284K [0x0000000700000000, 0x000000070b280000, 0x0000000780000000)
  object space 182784K, 20% used [0x0000000700000000,0x0000000702563390,0x000000070b280000)
 Metaspace       used 47712K, capacity 48718K, committed 48768K, reserved 1091584K
  class space    used 6757K, capacity 7024K, committed 7040K, reserved 1048576K
}
Event: 9.749 GC heap before
{Heap before GC invocations=13 (full 2):
 PSYoungGen      total 221696K, used 216737K [0x0000000780000000, 0x000000078f280000, 0x00000007c0000000)
  eden space 201216K, 99% used [0x0000000780000000,0x000000078c43fa28,0x000000078c480000)
  from space 20480K, 77% used [0x000000078de80000,0x000000078ede8c20,0x000000078f280000)
  to   space 23552K, 0% used [0x000000078c480000,0x000000078c480000,0x000000078db80000)
 ParOldGen       total 182784K, used 38284K [0x0000000700000000, 0x000000070b280000, 0x0000000780000000)
  object space 182784K, 20% used [0x0000000700000000,0x0000000702563390,0x000000070b280000)
 Metaspace       used 48819K, capacity 49754K, committed 49920K, reserved 1091584K
  class space    used 6836K, capacity 7112K, committed 7168K, reserved 1048576K
Event: 9.762 GC heap after
Heap after GC invocations=13 (full 2):
 PSYoungGen      total 224768K, used 16737K [0x0000000780000000, 0x0000000791a80000, 0x00000007c0000000)
  eden space 201216K, 0% used [0x0000000780000000,0x0000000780000000,0x000000078c480000)
  from space 23552K, 71% used [0x000000078c480000,0x000000078d4d8780,0x000000078db80000)
  to   space 23552K, 0% used [0x0000000790380000,0x0000000790380000,0x0000000791a80000)
 ParOldGen       total 182784K, used 38292K [0x0000000700000000, 0x000000070b280000, 0x0000000780000000)
  object space 182784K, 20% used [0x0000000700000000,0x0000000702565390,0x000000070b280000)
 Metaspace       used 48819K, capacity 49754K, committed 49920K, reserved 1091584K
  class space    used 6836K, capacity 7112K, committed 7168K, reserved 1048576K
}
Event: 10.948 GC heap before
{Heap before GC invocations=14 (full 2):
 PSYoungGen      total 224768K, used 217276K [0x0000000780000000, 0x0000000791a80000, 0x00000007c0000000)
  eden space 201216K, 99% used [0x0000000780000000,0x000000078c3d6880,0x000000078c480000)
  from space 23552K, 71% used [0x000000078c480000,0x000000078d4d8780,0x000000078db80000)
  to   space 23552K, 0% used [0x0000000790380000,0x0000000790380000,0x0000000791a80000)
 ParOldGen       total 182784K, used 38292K [0x0000000700000000, 0x000000070b280000, 0x0000000780000000)
  object space 182784K, 20% used [0x0000000700000000,0x0000000702565390,0x000000070b280000)
 Metaspace       used 49492K, capacity 50568K, committed 50816K, reserved 1093632K
  class space    used 6914K, capacity 7211K, committed 7296K, reserved 1048576K

